23-03-19 14:17:25.892 :          11EFDN
23-03-19 14:17:26.305 : 0801.png - PSNR: 29.43 dB
23-03-19 14:17:26.830 : 0802.png - PSNR: 35.24 dB
23-03-19 14:17:27.434 : 0803.png - PSNR: 40.58 dB
23-03-19 14:17:27.955 : 0804.png - PSNR: 27.46 dB
23-03-19 14:17:28.499 : 0805.png - PSNR: 28.59 dB
23-03-19 14:17:29.034 : 0806.png - PSNR: 28.41 dB
23-03-19 14:17:29.482 : 0807.png - PSNR: 20.08 dB
23-03-19 14:17:29.958 : 0808.png - PSNR: 26.79 dB
23-03-19 14:17:30.452 : 0809.png - PSNR: 32.29 dB
23-03-19 14:17:31.032 : 0810.png - PSNR: 26.80 dB
23-03-19 14:17:31.564 : 0811.png - PSNR: 29.12 dB
23-03-19 14:17:32.156 : 0812.png - PSNR: 27.89 dB
23-03-19 14:17:32.704 : 0813.png - PSNR: 31.40 dB
23-03-19 14:17:33.190 : 0814.png - PSNR: 28.30 dB
23-03-19 14:17:33.624 : 0815.png - PSNR: 34.08 dB
23-03-19 14:17:34.126 : 0816.png - PSNR: 31.70 dB
23-03-19 14:17:34.673 : 0817.png - PSNR: 32.23 dB
23-03-19 14:17:35.249 : 0818.png - PSNR: 28.97 dB
23-03-19 14:17:35.778 : 0819.png - PSNR: 28.08 dB
23-03-19 14:17:36.318 : 0820.png - PSNR: 24.91 dB
23-03-19 14:17:36.851 : 0821.png - PSNR: 32.18 dB
23-03-19 14:17:37.461 : 0822.png - PSNR: 30.67 dB
23-03-19 14:17:38.005 : 0823.png - PSNR: 26.04 dB
23-03-19 14:17:38.474 : 0824.png - PSNR: 28.44 dB
23-03-19 14:17:38.959 : 0825.png - PSNR: 27.36 dB
23-03-19 14:17:39.528 : 0826.png - PSNR: 24.24 dB
23-03-19 14:17:40.096 : 0827.png - PSNR: 33.51 dB
23-03-19 14:17:40.602 : 0828.png - PSNR: 21.47 dB
23-03-19 14:17:41.067 : 0829.png - PSNR: 26.60 dB
23-03-19 14:17:41.430 : 0830.png - PSNR: 24.46 dB
23-03-19 14:17:41.835 : 0831.png - PSNR: 30.25 dB
23-03-19 14:17:42.333 : 0832.png - PSNR: 30.74 dB
23-03-19 14:17:42.890 : 0833.png - PSNR: 34.27 dB
23-03-19 14:17:43.368 : 0834.png - PSNR: 25.42 dB
23-03-19 14:17:43.933 : 0835.png - PSNR: 22.87 dB
23-03-19 14:17:44.546 : 0836.png - PSNR: 25.93 dB
23-03-19 14:17:45.072 : 0837.png - PSNR: 26.25 dB
23-03-19 14:17:45.584 : 0838.png - PSNR: 37.79 dB
23-03-19 14:17:46.077 : 0839.png - PSNR: 29.10 dB
23-03-19 14:17:46.546 : 0840.png - PSNR: 28.43 dB
23-03-19 14:17:47.074 : 0841.png - PSNR: 28.15 dB
23-03-19 14:17:47.562 : 0842.png - PSNR: 29.83 dB
23-03-19 14:17:48.009 : 0843.png - PSNR: 41.17 dB
23-03-19 14:17:48.404 : 0844.png - PSNR: 44.33 dB
23-03-19 14:17:48.858 : 0845.png - PSNR: 24.06 dB
23-03-19 14:17:49.385 : 0846.png - PSNR: 25.41 dB
23-03-19 14:17:49.872 : 0847.png - PSNR: 27.74 dB
23-03-19 14:17:50.418 : 0848.png - PSNR: 27.23 dB
23-03-19 14:17:50.932 : 0849.png - PSNR: 22.31 dB
23-03-19 14:17:51.453 : 0850.png - PSNR: 29.11 dB
23-03-19 14:17:51.949 : 0851.png - PSNR: 28.44 dB
23-03-19 14:17:52.353 : 0852.png - PSNR: 30.05 dB
23-03-19 14:17:52.792 : 0853.png - PSNR: 34.24 dB
23-03-19 14:17:53.225 : 0854.png - PSNR: 24.93 dB
23-03-19 14:17:53.836 : 0855.png - PSNR: 29.43 dB
23-03-19 14:17:54.418 : 0856.png - PSNR: 24.33 dB
23-03-19 14:17:54.957 : 0857.png - PSNR: 34.95 dB
23-03-19 14:17:55.444 : 0858.png - PSNR: 28.54 dB
23-03-19 14:17:55.964 : 0859.png - PSNR: 25.34 dB
23-03-19 14:17:56.565 : 0860.png - PSNR: 20.59 dB
23-03-19 14:17:57.096 : 0861.png - PSNR: 22.99 dB
23-03-19 14:17:57.575 : 0862.png - PSNR: 33.19 dB
23-03-19 14:17:58.113 : 0863.png - PSNR: 33.25 dB
23-03-19 14:17:58.613 : 0864.png - PSNR: 29.96 dB
23-03-19 14:17:59.190 : 0865.png - PSNR: 27.31 dB
23-03-19 14:17:59.712 : 0866.png - PSNR: 25.03 dB
23-03-19 14:18:00.246 : 0867.png - PSNR: 28.52 dB
23-03-19 14:18:00.727 : 0868.png - PSNR: 32.80 dB
23-03-19 14:18:01.139 : 0869.png - PSNR: 23.76 dB
23-03-19 14:18:01.737 : 0870.png - PSNR: 28.66 dB
23-03-19 14:18:02.290 : 0871.png - PSNR: 32.16 dB
23-03-19 14:18:02.797 : 0872.png - PSNR: 24.04 dB
23-03-19 14:18:03.339 : 0873.png - PSNR: 24.05 dB
23-03-19 14:18:03.858 : 0874.png - PSNR: 30.14 dB
23-03-19 14:18:04.462 : 0875.png - PSNR: 24.40 dB
23-03-19 14:18:05.012 : 0876.png - PSNR: 22.13 dB
23-03-19 14:18:05.501 : 0877.png - PSNR: 40.40 dB
23-03-19 14:18:06.052 : 0878.png - PSNR: 32.24 dB
23-03-19 14:18:06.765 : 0879.png - PSNR: 27.34 dB
23-03-19 14:18:07.297 : 0880.png - PSNR: 32.15 dB
23-03-19 14:18:07.764 : 0881.png - PSNR: 25.95 dB
23-03-19 14:18:08.227 : 0882.png - PSNR: 34.28 dB
23-03-19 14:18:08.775 : 0883.png - PSNR: 26.40 dB
23-03-19 14:18:09.303 : 0884.png - PSNR: 25.95 dB
23-03-19 14:18:09.846 : 0885.png - PSNR: 23.00 dB
23-03-19 14:18:10.354 : 0886.png - PSNR: 36.45 dB
23-03-19 14:18:10.857 : 0887.png - PSNR: 25.27 dB
23-03-19 14:18:11.372 : 0888.png - PSNR: 30.64 dB
23-03-19 14:18:11.924 : 0889.png - PSNR: 31.01 dB
23-03-19 14:18:12.438 : 0890.png - PSNR: 25.28 dB
23-03-19 14:18:13.030 : 0891.png - PSNR: 26.91 dB
23-03-19 14:18:13.573 : 0892.png - PSNR: 30.31 dB
23-03-19 14:18:14.049 : 0893.png - PSNR: 33.28 dB
23-03-19 14:18:14.572 : 0894.png - PSNR: 31.84 dB
23-03-19 14:18:15.066 : 0895.png - PSNR: 20.42 dB
23-03-19 14:18:15.562 : 0896.png - PSNR: 39.19 dB
23-03-19 14:18:16.038 : 0897.png - PSNR: 22.16 dB
23-03-19 14:18:16.560 : 0898.png - PSNR: 34.61 dB
23-03-19 14:18:17.053 : 0899.png - PSNR: 31.15 dB
23-03-19 14:18:17.578 : 0900.png - PSNR: 28.01 dB
23-03-19 14:18:17.742 :       Max Memery : 1266.918 [M]
23-03-19 14:18:17.742 : ------> Average runtime of (valid) is : 55.164161 seconds
23-03-19 14:18:17.774 :     #Activations : 187.3225 [M]
23-03-19 14:18:17.774 :          #Conv2d : 198
23-03-19 14:18:17.811 :            FLOPs : 10.6015 [G]
23-03-19 14:18:17.813 :          #Params : 0.1735 [M]
23-03-19 14:19:26.237 : 00_RFDN_baseline
23-03-19 14:19:26.598 : 0801.png - PSNR: 29.76 dB
23-03-19 14:19:27.084 : 0802.png - PSNR: 35.29 dB
23-03-19 14:19:27.643 : 0803.png - PSNR: 40.75 dB
23-03-19 14:19:28.122 : 0804.png - PSNR: 27.54 dB
23-03-19 14:19:28.621 : 0805.png - PSNR: 28.58 dB
23-03-19 14:19:29.131 : 0806.png - PSNR: 28.65 dB
23-03-19 14:19:29.544 : 0807.png - PSNR: 20.28 dB
23-03-19 14:19:29.990 : 0808.png - PSNR: 26.89 dB
23-03-19 14:19:30.453 : 0809.png - PSNR: 32.30 dB
23-03-19 14:19:31.000 : 0810.png - PSNR: 26.77 dB
23-03-19 14:19:31.490 : 0811.png - PSNR: 29.12 dB
23-03-19 14:19:32.036 : 0812.png - PSNR: 28.10 dB
23-03-19 14:19:32.545 : 0813.png - PSNR: 31.47 dB
23-03-19 14:19:32.989 : 0814.png - PSNR: 28.40 dB
23-03-19 14:19:33.429 : 0815.png - PSNR: 34.22 dB
23-03-19 14:19:33.906 : 0816.png - PSNR: 31.73 dB
23-03-19 14:19:34.417 : 0817.png - PSNR: 32.28 dB
23-03-19 14:19:34.976 : 0818.png - PSNR: 29.04 dB
23-03-19 14:19:35.483 : 0819.png - PSNR: 28.13 dB
23-03-19 14:19:35.975 : 0820.png - PSNR: 25.08 dB
23-03-19 14:19:36.471 : 0821.png - PSNR: 32.36 dB
23-03-19 14:19:37.028 : 0822.png - PSNR: 30.73 dB
23-03-19 14:19:37.538 : 0823.png - PSNR: 26.11 dB
23-03-19 14:19:37.983 : 0824.png - PSNR: 28.55 dB
23-03-19 14:19:38.446 : 0825.png - PSNR: 27.45 dB
23-03-19 14:19:38.988 : 0826.png - PSNR: 24.27 dB
23-03-19 14:19:39.538 : 0827.png - PSNR: 33.69 dB
23-03-19 14:19:40.041 : 0828.png - PSNR: 22.07 dB
23-03-19 14:19:40.522 : 0829.png - PSNR: 26.62 dB
23-03-19 14:19:40.895 : 0830.png - PSNR: 24.52 dB
23-03-19 14:19:41.278 : 0831.png - PSNR: 30.37 dB
23-03-19 14:19:41.774 : 0832.png - PSNR: 30.96 dB
23-03-19 14:19:42.297 : 0833.png - PSNR: 34.18 dB
23-03-19 14:19:42.732 : 0834.png - PSNR: 25.46 dB
23-03-19 14:19:43.246 : 0835.png - PSNR: 22.89 dB
23-03-19 14:19:43.809 : 0836.png - PSNR: 25.99 dB
23-03-19 14:19:44.296 : 0837.png - PSNR: 26.31 dB
23-03-19 14:19:44.766 : 0838.png - PSNR: 37.78 dB
23-03-19 14:19:45.209 : 0839.png - PSNR: 29.11 dB
23-03-19 14:19:45.644 : 0840.png - PSNR: 28.44 dB
23-03-19 14:19:46.142 : 0841.png - PSNR: 28.27 dB
23-03-19 14:19:46.606 : 0842.png - PSNR: 30.11 dB
23-03-19 14:19:47.030 : 0843.png - PSNR: 41.22 dB
23-03-19 14:19:47.391 : 0844.png - PSNR: 44.51 dB
23-03-19 14:19:47.826 : 0845.png - PSNR: 24.42 dB
23-03-19 14:19:48.318 : 0846.png - PSNR: 25.58 dB
23-03-19 14:19:48.776 : 0847.png - PSNR: 27.89 dB
23-03-19 14:19:49.307 : 0848.png - PSNR: 27.33 dB
23-03-19 14:19:49.812 : 0849.png - PSNR: 22.50 dB
23-03-19 14:19:50.315 : 0850.png - PSNR: 29.20 dB
23-03-19 14:19:50.782 : 0851.png - PSNR: 28.61 dB
23-03-19 14:19:51.175 : 0852.png - PSNR: 30.11 dB
23-03-19 14:19:51.616 : 0853.png - PSNR: 34.30 dB
23-03-19 14:19:52.029 : 0854.png - PSNR: 24.98 dB
23-03-19 14:19:52.617 : 0855.png - PSNR: 29.43 dB
23-03-19 14:19:53.166 : 0856.png - PSNR: 24.41 dB
23-03-19 14:19:53.665 : 0857.png - PSNR: 34.94 dB
23-03-19 14:19:54.119 : 0858.png - PSNR: 28.58 dB
23-03-19 14:19:54.607 : 0859.png - PSNR: 25.57 dB
23-03-19 14:19:55.158 : 0860.png - PSNR: 20.65 dB
23-03-19 14:19:55.681 : 0861.png - PSNR: 23.12 dB
23-03-19 14:19:56.145 : 0862.png - PSNR: 33.18 dB
23-03-19 14:19:56.649 : 0863.png - PSNR: 33.25 dB
23-03-19 14:19:57.115 : 0864.png - PSNR: 29.96 dB
23-03-19 14:19:57.652 : 0865.png - PSNR: 27.32 dB
23-03-19 14:19:58.145 : 0866.png - PSNR: 25.21 dB
23-03-19 14:19:58.647 : 0867.png - PSNR: 28.58 dB
23-03-19 14:19:59.097 : 0868.png - PSNR: 32.90 dB
23-03-19 14:19:59.473 : 0869.png - PSNR: 23.84 dB
23-03-19 14:20:00.037 : 0870.png - PSNR: 28.68 dB
23-03-19 14:20:00.550 : 0871.png - PSNR: 32.22 dB
23-03-19 14:20:01.023 : 0872.png - PSNR: 24.10 dB
23-03-19 14:20:01.529 : 0873.png - PSNR: 24.12 dB
23-03-19 14:20:02.015 : 0874.png - PSNR: 30.21 dB
23-03-19 14:20:02.583 : 0875.png - PSNR: 24.45 dB
23-03-19 14:20:03.091 : 0876.png - PSNR: 22.21 dB
23-03-19 14:20:03.533 : 0877.png - PSNR: 40.48 dB
23-03-19 14:20:04.061 : 0878.png - PSNR: 32.23 dB
23-03-19 14:20:04.736 : 0879.png - PSNR: 27.38 dB
23-03-19 14:20:05.241 : 0880.png - PSNR: 32.30 dB
23-03-19 14:20:05.669 : 0881.png - PSNR: 25.98 dB
23-03-19 14:20:06.128 : 0882.png - PSNR: 34.28 dB
23-03-19 14:20:06.645 : 0883.png - PSNR: 26.42 dB
23-03-19 14:20:07.135 : 0884.png - PSNR: 26.05 dB
23-03-19 14:20:07.644 : 0885.png - PSNR: 22.97 dB
23-03-19 14:20:08.115 : 0886.png - PSNR: 36.59 dB
23-03-19 14:20:08.585 : 0887.png - PSNR: 25.33 dB
23-03-19 14:20:09.055 : 0888.png - PSNR: 30.71 dB
23-03-19 14:20:09.567 : 0889.png - PSNR: 31.09 dB
23-03-19 14:20:10.046 : 0890.png - PSNR: 25.32 dB
23-03-19 14:20:10.601 : 0891.png - PSNR: 26.99 dB
23-03-19 14:20:11.099 : 0892.png - PSNR: 30.36 dB
23-03-19 14:20:11.552 : 0893.png - PSNR: 33.35 dB
23-03-19 14:20:12.037 : 0894.png - PSNR: 31.84 dB
23-03-19 14:20:12.493 : 0895.png - PSNR: 20.46 dB
23-03-19 14:20:12.961 : 0896.png - PSNR: 39.27 dB
23-03-19 14:20:13.401 : 0897.png - PSNR: 22.22 dB
23-03-19 14:20:13.906 : 0898.png - PSNR: 34.60 dB
23-03-19 14:20:14.421 : 0899.png - PSNR: 31.51 dB
23-03-19 14:20:14.897 : 0900.png - PSNR: 28.18 dB
23-03-19 14:20:15.058 :       Max Memery : 788.130 [M]
23-03-19 14:20:15.058 : ------> Average runtime of (valid) is : 19.239760 seconds
23-03-19 14:20:15.078 :     #Activations : 112.0342 [M]
23-03-19 14:20:15.078 :          #Conv2d : 64
23-03-19 14:20:15.088 :            FLOPs : 27.1026 [G]
23-03-19 14:20:15.088 :          #Params : 0.4334 [M]
